C51 COMPILER V9.60.0.0   MAIN                                                              09/07/2022 14:05:56 PAGE 1   


C51 COMPILER V9.60.0.0, COMPILATION OF MODULE MAIN
OBJECT MODULE PLACED IN .\Objects\main.obj
COMPILER INVOKED BY: D:\software\KEIL STC\C51\C51\BIN\C51.EXE main.c OPTIMIZE(8,SPEED) BROWSE DEBUG OBJECTEXTEND PRINT(.
                    -\Listings\main.lst) TABS(2) OBJECT(.\Objects\main.obj)

line level    source

   1          #include <REGX52.H>
   2          #include "Delay.h"
   3          #include "Key.h"
   4          #include "Nixie.h"
   5          #include "Motor.h"
   6          #include "IR.h"
   7          #include "LCD1602.h"
   8          #include "DS18B20.h"
   9          #include "Timer2.h"
  10          float T;
  11          unsigned char Command,Speed;
  12          
  13          void IR_Run()
  14          {
  15   1      
  16   1        while(1)
  17   1        {
  18   2          if(IR_GetDataFlag())  //如果收到数据帧
  19   2          {
  20   3            Command=IR_GetCommand();    //获取遥控器命令码
  21   3              
  22   3            if(Command==IR_0){Speed=0;}   //根据遥控器命令码设置速度
  23   3            if(Command==IR_1){Speed=1;}
  24   3            if(Command==IR_2){Speed=2;}
  25   3            if(Command==IR_3){Speed=3;}
  26   3              
  27   3            if(Speed==0){Motor_SetSpeed(0);}  //速度输出
  28   3            if(Speed==1){Motor_SetSpeed(50);}
  29   3            if(Speed==2){Motor_SetSpeed(75);}
  30   3            if(Speed==3){Motor_SetSpeed(100);}
  31   3          }
  32   2          Nixie(1,Speed);           //数码管显示速度
  33   2        }
  34   1      }
  35          void Tem_Run()
  36          {
  37   1        DS18B20_ConvertT();   //上电先转换一次温度，防止第一次读数据错误
  38   1        Delay(500);     //等待转换完成 
  39   1        Timer2_Init();  
  40   1        LCD_Init();
  41   1        LCD_ShowString(1,1,"Temperature:");
  42   1        while(1)
  43   1        {
  44   2          T=DS18B20_ReadT();
  45   2          DS18B20_ConvertT();   //上电先转换一次温度，防止第一次读数据错误
  46   2          Delay(1000);      //等待转换完成 
  47   2          T=DS18B20_ReadT();
  48   2          if(T<0)       //如果温度小于0
  49   2          {
  50   3            LCD_ShowChar(2,1,'-');  //显示负号
  51   3            T=-T;     //将温度变为正数
  52   3          }
  53   2          else        //如果温度大于等于0
  54   2          {
C51 COMPILER V9.60.0.0   MAIN                                                              09/07/2022 14:05:56 PAGE 2   

  55   3            LCD_ShowChar(2,1,'+');  //显示正号
  56   3          }
  57   2          LCD_ShowNum(2,2,T,3);   //显示温度整数部分
  58   2          LCD_ShowChar(2,5,'.');    //显示小数点
  59   2          LCD_ShowNum(2,6,(unsigned long)(T*10000)%10000,2);//显示温度小数部分
  60   2          if(T<26)
  61   2          {
  62   3            Motor_SetSpeed(30);
  63   3          }
  64   2          if(T>=26)
  65   2          {
  66   3            Motor_SetSpeed(80);
  67   3          }
  68   2        }
  69   1      }
  70          void main()
  71          {
  72   1        Motor_Init();
  73   1        IR_Init();
  74   1      
  75   1        while(1)
  76   1        {
  77   2        if(IR_GetDataFlag())
  78   2        { 
  79   3          Command=IR_GetCommand();
  80   3          if(Command==IR_5){Tem_Run();}
  81   3          if(Command==IR_4){IR_Run();}
  82   3        } 
  83   2        } 
  84   1      }
  85          
  86          void Timer2_Routine() interrupt 5
  87          {
  88   1        TF2=0;
  89   1        EXF2=0;
  90   1        P2=0;
  91   1        DS18B20_ConvertT();   //检测环境温度
  92   1        Delay(1000);      //等待转换完成  
  93   1      }


MODULE INFORMATION:   STATIC OVERLAYABLE
   CODE SIZE        =    459    ----
   CONSTANT SIZE    =     13    ----
   XDATA SIZE       =   ----    ----
   PDATA SIZE       =   ----    ----
   DATA SIZE        =      6    ----
   IDATA SIZE       =   ----    ----
   BIT SIZE         =   ----    ----
END OF MODULE INFORMATION.


C51 COMPILATION COMPLETE.  0 WARNING(S),  0 ERROR(S)
